Reading netlist file: "E:\Projects\tangprimer25k\RiscY25kHDMI\neshdmi\impl\gwsynthesis\nes.vg"
Parsing netlist file "E:\Projects\tangprimer25k\RiscY25kHDMI\neshdmi\impl\gwsynthesis\nes.vg" completed
Processing netlist completed
Reading constraint file: "E:\Projects\tangprimer25k\RiscY25kHDMI\neshdmi\src\nestang.cst"
Physical Constraint parsed completed
Running placement......
[10%] Placement Phase 0 completed
[20%] Placement Phase 1 completed
[30%] Placement Phase 2 completed
[50%] Placement Phase 3 completed
Running routing......
[60%] Routing Phase 0 completed
[70%] Routing Phase 1 completed
[80%] Routing Phase 2 completed
[90%] Routing Phase 3 completed
Running timing analysis......
[95%] Timing analysis completed
Placement and routing completed
Bitstream generation in progress......
Bitstream generation completed
Running power analysis......
[100%] Power analysis completed
Generate file "E:\Projects\tangprimer25k\RiscY25kHDMI\neshdmi\impl\pnr\nes.power.html" completed
Generate file "E:\Projects\tangprimer25k\RiscY25kHDMI\neshdmi\impl\pnr\nes.pin.html" completed
Generate file "E:\Projects\tangprimer25k\RiscY25kHDMI\neshdmi\impl\pnr\nes.rpt.html" completed
Generate file "E:\Projects\tangprimer25k\RiscY25kHDMI\neshdmi\impl\pnr\nes.rpt.txt" completed
Generate file "E:\Projects\tangprimer25k\RiscY25kHDMI\neshdmi\impl\pnr\nes.tr.html" completed
Thu Oct 10 12:12:37 2024

