Reading netlist file: "E:\Projects\tangprimer25k\RiscY25kHDMI\riscy25k\impl\gwsynthesis\riscy25k.vg"
Parsing netlist file "E:\Projects\tangprimer25k\RiscY25kHDMI\riscy25k\impl\gwsynthesis\riscy25k.vg" completed
Processing netlist completed
Reading constraint file: "E:\Projects\tangprimer25k\RiscY25kHDMI\riscy25k\src\tang25k.cst"
Physical Constraint parsed completed
Running placement......
[10%] Placement Phase 0 completed
[20%] Placement Phase 1 completed
[30%] Placement Phase 2 completed
WARN  (TA1132) :  'nes/clk_div/clkdiv_inst/CLKOUT.default_gen_clk' was determined to be a clock but was not created.
[50%] Placement Phase 3 completed
Running routing......
[60%] Routing Phase 0 completed
[70%] Routing Phase 1 completed
[80%] Routing Phase 2 completed
[90%] Routing Phase 3 completed
Running timing analysis......
[95%] Timing analysis completed
Placement and routing completed
Bitstream generation in progress......
Bitstream generation completed
Running power analysis......
[100%] Power analysis completed
Generate file "E:\Projects\tangprimer25k\RiscY25kHDMI\riscy25k\impl\pnr\riscy25k.power.html" completed
Generate file "E:\Projects\tangprimer25k\RiscY25kHDMI\riscy25k\impl\pnr\riscy25k.pin.html" completed
Generate file "E:\Projects\tangprimer25k\RiscY25kHDMI\riscy25k\impl\pnr\riscy25k.rpt.html" completed
Generate file "E:\Projects\tangprimer25k\RiscY25kHDMI\riscy25k\impl\pnr\riscy25k.rpt.txt" completed
Generate file "E:\Projects\tangprimer25k\RiscY25kHDMI\riscy25k\impl\pnr\riscy25k.tr.html" completed
Tue Oct  8 00:28:02 2024

