Reading netlist file: "C:\Users\Panagiotis\Documents\GitHub\RiscY\RISCY\impl\gwsynthesis\RISCY.vg"
Parsing netlist file "C:\Users\Panagiotis\Documents\GitHub\RiscY\RISCY\impl\gwsynthesis\RISCY.vg" completed
Processing netlist completed
Reading constraint file: "C:\Users\Panagiotis\Documents\GitHub\RiscY\RISCY\src\tangnano9k.cst"
Physical Constraint parsed completed
Running placement......
[10%] Placement Phase 0 completed
[20%] Placement Phase 1 completed
[30%] Placement Phase 2 completed
[50%] Placement Phase 3 completed
Running routing......
[60%] Routing Phase 0 completed
[70%] Routing Phase 1 completed
[80%] Routing Phase 2 completed
[90%] Routing Phase 3 completed
Running timing analysis......
[95%] Timing analysis completed
Placement and routing completed
Bitstream generation in progress......
Bitstream generation completed
Running power analysis......
[100%] Power analysis completed
Generate file "C:\Users\Panagiotis\Documents\GitHub\RiscY\RISCY\impl\pnr\RISCY.power.html" completed
Generate file "C:\Users\Panagiotis\Documents\GitHub\RiscY\RISCY\impl\pnr\RISCY.pin.html" completed
Generate file "C:\Users\Panagiotis\Documents\GitHub\RiscY\RISCY\impl\pnr\RISCY.rpt.html" completed
Generate file "C:\Users\Panagiotis\Documents\GitHub\RiscY\RISCY\impl\pnr\RISCY.rpt.txt" completed
Generate file "C:\Users\Panagiotis\Documents\GitHub\RiscY\RISCY\impl\pnr\RISCY.tr.html" completed
Mon Nov 11 12:10:11 2024

