Reading netlist file: "E:\gowin\RISCV\impl\gwsynthesis\RISCV.vg"
Parsing netlist file "E:\gowin\RISCV\impl\gwsynthesis\RISCV.vg" completed
Processing netlist completed
Reading constraint file: "E:\gowin\RISCV\src\tangnano9k.cst"
Physical Constraint parsed completed
Running placement......
[10%] Placement Phase 0 completed
[20%] Placement Phase 1 completed
[30%] Placement Phase 2 completed
WARN  (TA1132) :  'clk' was determined to be a clock but was not created.
[50%] Placement Phase 3 completed
Running routing......
[60%] Routing Phase 0 completed
[70%] Routing Phase 1 completed
[80%] Routing Phase 2 completed
[90%] Routing Phase 3 completed
Running timing analysis......
[95%] Timing analysis completed
Placement and routing completed
Bitstream generation in progress......
Bitstream generation completed
Running power analysis......
[100%] Power analysis completed
Generate file "E:\gowin\RISCV\impl\pnr\RISCV.power.html" completed
Generate file "E:\gowin\RISCV\impl\pnr\RISCV.pin.html" completed
Generate file "E:\gowin\RISCV\impl\pnr\RISCV.rpt.html" completed
Generate file "E:\gowin\RISCV\impl\pnr\RISCV.rpt.txt" completed
Generate file "E:\gowin\RISCV\impl\pnr\RISCV.tr.html" completed
Fri Sep 27 12:23:52 2024

