GowinSynthesis start
Running parser ...
Analyzing Verilog file 'E:\Projects\tangprimer25k\RiscY25kHDMI\neshdmi\src\config.sv'
Analyzing Verilog file 'E:\Projects\tangprimer25k\RiscY25kHDMI\neshdmi\src\gowin_clkdiv\gowin_clkdiv.v'
Analyzing Verilog file 'E:\Projects\tangprimer25k\RiscY25kHDMI\neshdmi\src\gowin_pll480\gowin_pll480.v'
Analyzing Verilog file 'E:\Projects\tangprimer25k\RiscY25kHDMI\neshdmi\src\hdmi2\audio_clock_regeneration_packet.sv'
WARN  (EX2478) : Non-net output port 'clk_audio_counter_wrap' cannot be initialized at declaration in SystemVerilog mode("E:\Projects\tangprimer25k\RiscY25kHDMI\neshdmi\src\hdmi2\audio_clock_regeneration_packet.sv":13)
Analyzing Verilog file 'E:\Projects\tangprimer25k\RiscY25kHDMI\neshdmi\src\hdmi2\audio_info_frame.sv'
Analyzing Verilog file 'E:\Projects\tangprimer25k\RiscY25kHDMI\neshdmi\src\hdmi2\audio_sample_packet.sv'
Analyzing Verilog file 'E:\Projects\tangprimer25k\RiscY25kHDMI\neshdmi\src\hdmi2\auxiliary_video_information_info_frame.sv'
Analyzing Verilog file 'E:\Projects\tangprimer25k\RiscY25kHDMI\neshdmi\src\hdmi2\hdmi.sv'
WARN  (EX2478) : Non-net output port 'cx' cannot be initialized at declaration in SystemVerilog mode("E:\Projects\tangprimer25k\RiscY25kHDMI\neshdmi\src\hdmi2\hdmi.sv":81)
WARN  (EX2478) : Non-net output port 'cy' cannot be initialized at declaration in SystemVerilog mode("E:\Projects\tangprimer25k\RiscY25kHDMI\neshdmi\src\hdmi2\hdmi.sv":82)
Analyzing Verilog file 'E:\Projects\tangprimer25k\RiscY25kHDMI\neshdmi\src\hdmi2\packet_assembler.sv'
WARN  (EX2478) : Non-net output port 'counter' cannot be initialized at declaration in SystemVerilog mode("E:\Projects\tangprimer25k\RiscY25kHDMI\neshdmi\src\hdmi2\packet_assembler.sv":11)
Analyzing Verilog file 'E:\Projects\tangprimer25k\RiscY25kHDMI\neshdmi\src\hdmi2\packet_picker.sv'
Analyzing Verilog file 'E:\Projects\tangprimer25k\RiscY25kHDMI\neshdmi\src\hdmi2\serializer.sv'
Analyzing Verilog file 'E:\Projects\tangprimer25k\RiscY25kHDMI\neshdmi\src\hdmi2\source_product_description_info_frame.sv'
Analyzing Verilog file 'E:\Projects\tangprimer25k\RiscY25kHDMI\neshdmi\src\hdmi2\tmds_channel.sv'
WARN  (EX2478) : Non-net output port 'tmds' cannot be initialized at declaration in SystemVerilog mode("E:\Projects\tangprimer25k\RiscY25kHDMI\neshdmi\src\hdmi2\tmds_channel.sv":16)
Analyzing Verilog file 'E:\Projects\tangprimer25k\RiscY25kHDMI\neshdmi\src\nes2hdmi.sv'
Undeclared symbol 'clk_audio', assumed default net type 'wire'("E:\Projects\tangprimer25k\RiscY25kHDMI\neshdmi\src\nes2hdmi.sv":169)
Undeclared symbol 'tmdsClk', assumed default net type 'wire'("E:\Projects\tangprimer25k\RiscY25kHDMI\neshdmi\src\nes2hdmi.sv":174)
Analyzing Verilog file 'E:\Projects\tangprimer25k\RiscY25kHDMI\neshdmi\src\nes_tang25k.v'
Analyzing included file 'E:\Projects\tangprimer25k\RiscY25kHDMI\neshdmi\src\nes_tang25k.vh'("E:\Projects\tangprimer25k\RiscY25kHDMI\neshdmi\src\nes_tang25k.v":20)
Back to file 'E:\Projects\tangprimer25k\RiscY25kHDMI\neshdmi\src\nes_tang25k.v'("E:\Projects\tangprimer25k\RiscY25kHDMI\neshdmi\src\nes_tang25k.v":20)
Compiling module 'NES_Tang25k'("E:\Projects\tangprimer25k\RiscY25kHDMI\neshdmi\src\nes_tang25k.v":8)
WARN  (EX3791) : Expression size 64 truncated to fit in target size 32("E:\Projects\tangprimer25k\RiscY25kHDMI\neshdmi\src\config.sv":47)
WARN  (EX3791) : Expression size 32 truncated to fit in target size 8("E:\Projects\tangprimer25k\RiscY25kHDMI\neshdmi\src\nes_tang25k.v":26)
WARN  (EX3791) : Expression size 11 truncated to fit in target size 10("E:\Projects\tangprimer25k\RiscY25kHDMI\neshdmi\src\nes_tang25k.v":47)
WARN  (EX3791) : Expression size 9 truncated to fit in target size 8("E:\Projects\tangprimer25k\RiscY25kHDMI\neshdmi\src\nes_tang25k.v":56)
WARN  (EX3791) : Expression size 27 truncated to fit in target size 26("E:\Projects\tangprimer25k\RiscY25kHDMI\neshdmi\src\nes_tang25k.v":61)
Compiling module 'Gowin_PLL480'("E:\Projects\tangprimer25k\RiscY25kHDMI\neshdmi\src\gowin_pll480\gowin_pll480.v":10)
Compiling module 'Gowin_CLKDIV'("E:\Projects\tangprimer25k\RiscY25kHDMI\neshdmi\src\gowin_clkdiv\gowin_clkdiv.v":10)
WARN  (EX3073) : Port 'screen_width' remains unconnected for this instance("E:\Projects\tangprimer25k\RiscY25kHDMI\neshdmi\src\nes2hdmi.sv":178)
Compiling module 'nes2hdmi'("E:\Projects\tangprimer25k\RiscY25kHDMI\neshdmi\src\nes2hdmi.sv":8)
Extracting RAM for identifier 'audio_sample_word0'("E:\Projects\tangprimer25k\RiscY25kHDMI\neshdmi\src\nes2hdmi.sv":49)
WARN  (EX3780) : Using initial value of 'fontMem' since it is never assigned("E:\Projects\tangprimer25k\RiscY25kHDMI\neshdmi\src\nes2hdmi.sv":59)
WARN  (EX3791) : Expression size 16 truncated to fit in target size 8("E:\Projects\tangprimer25k\RiscY25kHDMI\neshdmi\src\nes2hdmi.sv":62)
WARN  (EX3791) : Expression size 16 truncated to fit in target size 12("E:\Projects\tangprimer25k\RiscY25kHDMI\neshdmi\src\nes2hdmi.sv":71)
Compiling module 'hdmi(VIDEO_ID_CODE=2,AUDIO_RATE=32000)'("E:\Projects\tangprimer25k\RiscY25kHDMI\neshdmi\src\hdmi2\hdmi.sv":4)
Compiling module 'packet_picker(VIDEO_ID_CODE=2,VIDEO_RATE=27000000.0,IT_CONTENT=1'b1,AUDIO_BIT_WIDTH=16,AUDIO_RATE=32000,VENDOR_NAME=64'b0101010101101110011010110110111001101111011101110110111000000000,PRODUCT_DESCRIPTION=128'b01000110010100000100011101000001000000000000000000000000000000000000000000000000000000000000000000000000000000000000000000000000,SOURCE_DEVICE_INFORMATION=8'b00000000)'("E:\Projects\tangprimer25k\RiscY25kHDMI\neshdmi\src\hdmi2\packet_picker.sv":4)
Extracting RAM for identifier 'audio_sample_word_buffer'("E:\Projects\tangprimer25k\RiscY25kHDMI\neshdmi\src\hdmi2\packet_picker.sv":80)
Compiling module 'audio_clock_regeneration_packet(VIDEO_RATE=27000000.0,AUDIO_RATE=32000)'("E:\Projects\tangprimer25k\RiscY25kHDMI\neshdmi\src\hdmi2\audio_clock_regeneration_packet.sv":5)
Compiling module 'audio_sample_packet(SAMPLING_FREQUENCY=4'b0011,WORD_LENGTH=4'b0010)'("E:\Projects\tangprimer25k\RiscY25kHDMI\neshdmi\src\hdmi2\audio_sample_packet.sv":8)
WARN  (EX3780) : Using initial value of 'CHANNEL_LEFT' since it is never assigned("E:\Projects\tangprimer25k\RiscY25kHDMI\neshdmi\src\hdmi2\audio_sample_packet.sv":63)
WARN  (EX3780) : Using initial value of 'CHANNEL_RIGHT' since it is never assigned("E:\Projects\tangprimer25k\RiscY25kHDMI\neshdmi\src\hdmi2\audio_sample_packet.sv":64)
Compiling module 'auxiliary_video_information_info_frame(IT_CONTENT=1'b1,VIDEO_ID_CODE=32'sb00000000000000000000000000000010)'("E:\Projects\tangprimer25k\RiscY25kHDMI\neshdmi\src\hdmi2\auxiliary_video_information_info_frame.sv":5)
Compiling module 'source_product_description_info_frame(VENDOR_NAME=64'b0101010101101110011010110110111001101111011101110110111000000000,PRODUCT_DESCRIPTION=128'b01000110010100000100011101000001000000000000000000000000000000000000000000000000000000000000000000000000000000000000000000000000,SOURCE_DEVICE_INFORMATION=8'b00000000)'("E:\Projects\tangprimer25k\RiscY25kHDMI\neshdmi\src\hdmi2\source_product_description_info_frame.sv":5)
Compiling module 'audio_info_frame'("E:\Projects\tangprimer25k\RiscY25kHDMI\neshdmi\src\hdmi2\audio_info_frame.sv":5)
WARN  (EX1998) : Net 'headers[255][23]' does not have a driver("E:\Projects\tangprimer25k\RiscY25kHDMI\neshdmi\src\hdmi2\packet_picker.sv":29)
WARN  (EX1998) : Net 'subs[255][3][55]' does not have a driver("E:\Projects\tangprimer25k\RiscY25kHDMI\neshdmi\src\hdmi2\packet_picker.sv":30)
Compiling module 'packet_assembler'("E:\Projects\tangprimer25k\RiscY25kHDMI\neshdmi\src\hdmi2\packet_assembler.sv":4)
Compiling module 'tmds_channel'("E:\Projects\tangprimer25k\RiscY25kHDMI\neshdmi\src\hdmi2\tmds_channel.sv":4)
Compiling module 'tmds_channel(CN=1)'("E:\Projects\tangprimer25k\RiscY25kHDMI\neshdmi\src\hdmi2\tmds_channel.sv":4)
Compiling module 'tmds_channel(CN=2)'("E:\Projects\tangprimer25k\RiscY25kHDMI\neshdmi\src\hdmi2\tmds_channel.sv":4)
Compiling module 'serializer(VIDEO_RATE=27000000.0)'("E:\Projects\tangprimer25k\RiscY25kHDMI\neshdmi\src\hdmi2\serializer.sv":1)
WARN  (EX3670) : Actual bit length 11 differs from formal bit length 10 for port 'cx'("E:\Projects\tangprimer25k\RiscY25kHDMI\neshdmi\src\nes2hdmi.sv":175)
WARN  (EX3670) : Actual bit length 11 differs from formal bit length 10 for port 'frame_width'("E:\Projects\tangprimer25k\RiscY25kHDMI\neshdmi\src\nes2hdmi.sv":177)
WARN  (EX1998) : Net 'audio_sample_word[1][15]' does not have a driver("E:\Projects\tangprimer25k\RiscY25kHDMI\neshdmi\src\nes2hdmi.sv":49)
WARN  (EX1998) : Net 'clk_audio' does not have a driver("E:\Projects\tangprimer25k\RiscY25kHDMI\neshdmi\src\nes2hdmi.sv":169)
WARN  (EX3670) : Actual bit length 10 differs from formal bit length 11 for port 'write_addr'("E:\Projects\tangprimer25k\RiscY25kHDMI\neshdmi\src\nes_tang25k.v":96)
NOTE  (EX0101) : Current top module is "NES_Tang25k"
[5%] Running netlist conversion ...
Running device independent optimization ...
[10%] Optimizing Phase 0 completed
[15%] Optimizing Phase 1 completed
[25%] Optimizing Phase 2 completed
Running inference ...
[30%] Inferring Phase 0 completed
[40%] Inferring Phase 1 completed
[50%] Inferring Phase 2 completed
[55%] Inferring Phase 3 completed
Running technical mapping ...
[60%] Tech-Mapping Phase 0 completed
[65%] Tech-Mapping Phase 1 completed
[75%] Tech-Mapping Phase 2 completed
[80%] Tech-Mapping Phase 3 completed
[90%] Tech-Mapping Phase 4 completed
WARN  (NL0002) : The module "audio_clock_regeneration_packet" instantiated to "audio_clock_regeneration_packet" is swept in optimizing("E:\Projects\tangprimer25k\RiscY25kHDMI\neshdmi\src\hdmi2\packet_picker.sv":51)
WARN  (NL0002) : The module "audio_info_frame" instantiated to "audio_info_frame" is swept in optimizing("E:\Projects\tangprimer25k\RiscY25kHDMI\neshdmi\src\hdmi2\packet_picker.sv":143)
WARN  (NL0002) : The module "audio_sample_packet" instantiated to "audio_sample_packet" is swept in optimizing("E:\Projects\tangprimer25k\RiscY25kHDMI\neshdmi\src\hdmi2\packet_picker.sv":131)
WARN  (NL0002) : The module "auxiliary_video_information_info_frame" instantiated to "auxiliary_video_information_info_frame" is swept in optimizing("E:\Projects\tangprimer25k\RiscY25kHDMI\neshdmi\src\hdmi2\packet_picker.sv":137)
WARN  (NL0002) : The module "source_product_description_info_frame" instantiated to "source_product_description_info_frame" is swept in optimizing("E:\Projects\tangprimer25k\RiscY25kHDMI\neshdmi\src\hdmi2\packet_picker.sv":140)
[95%] Generate netlist file "E:\Projects\tangprimer25k\RiscY25kHDMI\neshdmi\impl\gwsynthesis\nes.vg" completed
[100%] Generate report file "E:\Projects\tangprimer25k\RiscY25kHDMI\neshdmi\impl\gwsynthesis\nes_syn.rpt.html" completed
GowinSynthesis finish
