GowinSynthesis start
Running parser ...
Analyzing Verilog file 'E:\Projects\tangprimer25k\riscy25k\src\bus.v'
Analyzing included file 'E:\Projects\tangprimer25k\riscy25k\src\config.vh'("E:\Projects\tangprimer25k\riscy25k\src\bus.v":1)
Back to file 'E:\Projects\tangprimer25k\riscy25k\src\bus.v'("E:\Projects\tangprimer25k\riscy25k\src\bus.v":1)
WARN  (EX3012) : Empty statement in sequential block("E:\Projects\tangprimer25k\riscy25k\src\bus.v":47)
Analyzing Verilog file 'E:\Projects\tangprimer25k\riscy25k\src\buttonModule.v'
WARN  (EX3792) : Literal value 'hFFFFFF truncated to fit in 22 bits("E:\Projects\tangprimer25k\riscy25k\src\buttonModule.v":52)
Analyzing Verilog file 'E:\Projects\tangprimer25k\riscy25k\src\config.vh'
Analyzing Verilog file 'E:\Projects\tangprimer25k\riscy25k\src\constants.vh'
Analyzing Verilog file 'E:\Projects\tangprimer25k\riscy25k\src\cpu\ALUCPU.v'
Analyzing included file 'E:\Projects\tangprimer25k\riscy25k\src\constants.vh'("E:\Projects\tangprimer25k\riscy25k\src\cpu\ALUCPU.v":1)
Back to file 'E:\Projects\tangprimer25k\riscy25k\src\cpu\ALUCPU.v'("E:\Projects\tangprimer25k\riscy25k\src\cpu\ALUCPU.v":1)
Analyzing included file 'E:\Projects\tangprimer25k\riscy25k\src\config.vh'("E:\Projects\tangprimer25k\riscy25k\src\cpu\ALUCPU.v":2)
Back to file 'E:\Projects\tangprimer25k\riscy25k\src\cpu\ALUCPU.v'("E:\Projects\tangprimer25k\riscy25k\src\cpu\ALUCPU.v":2)
Analyzing Verilog file 'E:\Projects\tangprimer25k\riscy25k\src\cpu\RegFile.v'
Analyzing included file 'E:\Projects\tangprimer25k\riscy25k\src\constants.vh'("E:\Projects\tangprimer25k\riscy25k\src\cpu\RegFile.v":1)
Back to file 'E:\Projects\tangprimer25k\riscy25k\src\cpu\RegFile.v'("E:\Projects\tangprimer25k\riscy25k\src\cpu\RegFile.v":1)
Analyzing included file 'E:\Projects\tangprimer25k\riscy25k\src\config.vh'("E:\Projects\tangprimer25k\riscy25k\src\cpu\RegFile.v":2)
Back to file 'E:\Projects\tangprimer25k\riscy25k\src\cpu\RegFile.v'("E:\Projects\tangprimer25k\riscy25k\src\cpu\RegFile.v":2)
Analyzing Verilog file 'E:\Projects\tangprimer25k\riscy25k\src\cpu\SignExtendSelector.v'
Analyzing included file 'E:\Projects\tangprimer25k\riscy25k\src\constants.vh'("E:\Projects\tangprimer25k\riscy25k\src\cpu\SignExtendSelector.v":1)
Back to file 'E:\Projects\tangprimer25k\riscy25k\src\cpu\SignExtendSelector.v'("E:\Projects\tangprimer25k\riscy25k\src\cpu\SignExtendSelector.v":1)
Analyzing included file 'E:\Projects\tangprimer25k\riscy25k\src\config.vh'("E:\Projects\tangprimer25k\riscy25k\src\cpu\SignExtendSelector.v":2)
Back to file 'E:\Projects\tangprimer25k\riscy25k\src\cpu\SignExtendSelector.v'("E:\Projects\tangprimer25k\riscy25k\src\cpu\SignExtendSelector.v":2)
Analyzing Verilog file 'E:\Projects\tangprimer25k\riscy25k\src\cpu\control_alu.v'
Analyzing included file 'E:\Projects\tangprimer25k\riscy25k\src\constants.vh'("E:\Projects\tangprimer25k\riscy25k\src\cpu\control_alu.v":1)
Back to file 'E:\Projects\tangprimer25k\riscy25k\src\cpu\control_alu.v'("E:\Projects\tangprimer25k\riscy25k\src\cpu\control_alu.v":1)
Analyzing included file 'E:\Projects\tangprimer25k\riscy25k\src\config.vh'("E:\Projects\tangprimer25k\riscy25k\src\cpu\control_alu.v":2)
Back to file 'E:\Projects\tangprimer25k\riscy25k\src\cpu\control_alu.v'("E:\Projects\tangprimer25k\riscy25k\src\cpu\control_alu.v":2)
Analyzing Verilog file 'E:\Projects\tangprimer25k\riscy25k\src\cpu\control_branch.v'
Analyzing included file 'E:\Projects\tangprimer25k\riscy25k\src\constants.vh'("E:\Projects\tangprimer25k\riscy25k\src\cpu\control_branch.v":1)
Back to file 'E:\Projects\tangprimer25k\riscy25k\src\cpu\control_branch.v'("E:\Projects\tangprimer25k\riscy25k\src\cpu\control_branch.v":1)
Analyzing included file 'E:\Projects\tangprimer25k\riscy25k\src\config.vh'("E:\Projects\tangprimer25k\riscy25k\src\cpu\control_branch.v":2)
Back to file 'E:\Projects\tangprimer25k\riscy25k\src\cpu\control_branch.v'("E:\Projects\tangprimer25k\riscy25k\src\cpu\control_branch.v":2)
Analyzing Verilog file 'E:\Projects\tangprimer25k\riscy25k\src\cpu\control_bypass_ex.v'
Analyzing included file 'E:\Projects\tangprimer25k\riscy25k\src\constants.vh'("E:\Projects\tangprimer25k\riscy25k\src\cpu\control_bypass_ex.v":1)
Back to file 'E:\Projects\tangprimer25k\riscy25k\src\cpu\control_bypass_ex.v'("E:\Projects\tangprimer25k\riscy25k\src\cpu\control_bypass_ex.v":1)
Analyzing included file 'E:\Projects\tangprimer25k\riscy25k\src\config.vh'("E:\Projects\tangprimer25k\riscy25k\src\cpu\control_bypass_ex.v":2)
Back to file 'E:\Projects\tangprimer25k\riscy25k\src\cpu\control_bypass_ex.v'("E:\Projects\tangprimer25k\riscy25k\src\cpu\control_bypass_ex.v":2)
Analyzing Verilog file 'E:\Projects\tangprimer25k\riscy25k\src\cpu\control_main.v'
Analyzing included file 'E:\Projects\tangprimer25k\riscy25k\src\constants.vh'("E:\Projects\tangprimer25k\riscy25k\src\cpu\control_main.v":1)
Back to file 'E:\Projects\tangprimer25k\riscy25k\src\cpu\control_main.v'("E:\Projects\tangprimer25k\riscy25k\src\cpu\control_main.v":1)
Analyzing included file 'E:\Projects\tangprimer25k\riscy25k\src\config.vh'("E:\Projects\tangprimer25k\riscy25k\src\cpu\control_main.v":2)
Back to file 'E:\Projects\tangprimer25k\riscy25k\src\cpu\control_main.v'("E:\Projects\tangprimer25k\riscy25k\src\cpu\control_main.v":2)
Analyzing Verilog file 'E:\Projects\tangprimer25k\riscy25k\src\cpu\control_stall_id.v'
Analyzing included file 'E:\Projects\tangprimer25k\riscy25k\src\constants.vh'("E:\Projects\tangprimer25k\riscy25k\src\cpu\control_stall_id.v":1)
Back to file 'E:\Projects\tangprimer25k\riscy25k\src\cpu\control_stall_id.v'("E:\Projects\tangprimer25k\riscy25k\src\cpu\control_stall_id.v":1)
Analyzing included file 'E:\Projects\tangprimer25k\riscy25k\src\config.vh'("E:\Projects\tangprimer25k\riscy25k\src\cpu\control_stall_id.v":2)
Back to file 'E:\Projects\tangprimer25k\riscy25k\src\cpu\control_stall_id.v'("E:\Projects\tangprimer25k\riscy25k\src\cpu\control_stall_id.v":2)
Analyzing Verilog file 'E:\Projects\tangprimer25k\riscy25k\src\cpu\cpu.v'
Analyzing included file 'E:\Projects\tangprimer25k\riscy25k\src\constants.vh'("E:\Projects\tangprimer25k\riscy25k\src\cpu\cpu.v":1)
Back to file 'E:\Projects\tangprimer25k\riscy25k\src\cpu\cpu.v'("E:\Projects\tangprimer25k\riscy25k\src\cpu\cpu.v":1)
Analyzing included file 'E:\Projects\tangprimer25k\riscy25k\src\config.vh'("E:\Projects\tangprimer25k\riscy25k\src\cpu\cpu.v":2)
Back to file 'E:\Projects\tangprimer25k\riscy25k\src\cpu\cpu.v'("E:\Projects\tangprimer25k\riscy25k\src\cpu\cpu.v":2)
Undeclared symbol 'instr', assumed default net type 'wire'("E:\Projects\tangprimer25k\riscy25k\src\cpu\cpu.v":23)
Undeclared symbol 'DMemOut', assumed default net type 'wire'("E:\Projects\tangprimer25k\riscy25k\src\cpu\cpu.v":28)
WARN  (EX3638) : 'instr' is already implicitly declared on line 23("E:\Projects\tangprimer25k\riscy25k\src\cpu\cpu.v":45)
WARN  (EX3638) : 'DMemOut' is already implicitly declared on line 28("E:\Projects\tangprimer25k\riscy25k\src\cpu\cpu.v":73)
Analyzing Verilog file 'E:\Projects\tangprimer25k\riscy25k\src\cpu\mem_read_selector.v'
Analyzing included file 'E:\Projects\tangprimer25k\riscy25k\src\constants.vh'("E:\Projects\tangprimer25k\riscy25k\src\cpu\mem_read_selector.v":1)
Back to file 'E:\Projects\tangprimer25k\riscy25k\src\cpu\mem_read_selector.v'("E:\Projects\tangprimer25k\riscy25k\src\cpu\mem_read_selector.v":1)
Analyzing included file 'E:\Projects\tangprimer25k\riscy25k\src\config.vh'("E:\Projects\tangprimer25k\riscy25k\src\cpu\mem_read_selector.v":2)
Back to file 'E:\Projects\tangprimer25k\riscy25k\src\cpu\mem_read_selector.v'("E:\Projects\tangprimer25k\riscy25k\src\cpu\mem_read_selector.v":2)
Analyzing Verilog file 'E:\Projects\tangprimer25k\riscy25k\src\cpu\mem_write_selector.v'
Analyzing included file 'E:\Projects\tangprimer25k\riscy25k\src\constants.vh'("E:\Projects\tangprimer25k\riscy25k\src\cpu\mem_write_selector.v":1)
Back to file 'E:\Projects\tangprimer25k\riscy25k\src\cpu\mem_write_selector.v'("E:\Projects\tangprimer25k\riscy25k\src\cpu\mem_write_selector.v":1)
Analyzing included file 'E:\Projects\tangprimer25k\riscy25k\src\config.vh'("E:\Projects\tangprimer25k\riscy25k\src\cpu\mem_write_selector.v":2)
Back to file 'E:\Projects\tangprimer25k\riscy25k\src\cpu\mem_write_selector.v'("E:\Projects\tangprimer25k\riscy25k\src\cpu\mem_write_selector.v":2)
Analyzing Verilog file 'E:\Projects\tangprimer25k\riscy25k\src\cpu\signExtend.v'
Analyzing included file 'E:\Projects\tangprimer25k\riscy25k\src\constants.vh'("E:\Projects\tangprimer25k\riscy25k\src\cpu\signExtend.v":1)
Back to file 'E:\Projects\tangprimer25k\riscy25k\src\cpu\signExtend.v'("E:\Projects\tangprimer25k\riscy25k\src\cpu\signExtend.v":1)
Analyzing included file 'E:\Projects\tangprimer25k\riscy25k\src\config.vh'("E:\Projects\tangprimer25k\riscy25k\src\cpu\signExtend.v":2)
Back to file 'E:\Projects\tangprimer25k\riscy25k\src\cpu\signExtend.v'("E:\Projects\tangprimer25k\riscy25k\src\cpu\signExtend.v":2)
Analyzing Verilog file 'E:\Projects\tangprimer25k\riscy25k\src\i2c.v'
Analyzing Verilog file 'E:\Projects\tangprimer25k\riscy25k\src\i2capi.v'
Analyzing Verilog file 'E:\Projects\tangprimer25k\riscy25k\src\memory.v'
Analyzing included file 'E:\Projects\tangprimer25k\riscy25k\src\config.vh'("E:\Projects\tangprimer25k\riscy25k\src\memory.v":1)
Back to file 'E:\Projects\tangprimer25k\riscy25k\src\memory.v'("E:\Projects\tangprimer25k\riscy25k\src\memory.v":1)
Analyzing Verilog file 'E:\Projects\tangprimer25k\riscy25k\src\screen.v'
Analyzing Verilog file 'E:\Projects\tangprimer25k\riscy25k\src\seven_segment.v'
Analyzing Verilog file 'E:\Projects\tangprimer25k\riscy25k\src\soc.v'
Analyzing included file 'E:\Projects\tangprimer25k\riscy25k\src\config.vh'("E:\Projects\tangprimer25k\riscy25k\src\soc.v":1)
Back to file 'E:\Projects\tangprimer25k\riscy25k\src\soc.v'("E:\Projects\tangprimer25k\riscy25k\src\soc.v":1)
Undeclared symbol 'memReady', assumed default net type 'wire'("E:\Projects\tangprimer25k\riscy25k\src\soc.v":55)
Undeclared symbol 'btn_out', assumed default net type 'wire'("E:\Projects\tangprimer25k\riscy25k\src\soc.v":68)
Undeclared symbol 'btn_ren', assumed default net type 'wire'("E:\Projects\tangprimer25k\riscy25k\src\soc.v":74)
WARN  (EX3638) : 'memReady' is already implicitly declared on line 55("E:\Projects\tangprimer25k\riscy25k\src\soc.v":77)
WARN  (EX3638) : 'btn_ren' is already implicitly declared on line 74("E:\Projects\tangprimer25k\riscy25k\src\soc.v":90)
WARN  (EX3638) : 'btn_out' is already implicitly declared on line 68("E:\Projects\tangprimer25k\riscy25k\src\soc.v":91)
WARN  (EX3792) : Literal value 'hFFFFFF truncated to fit in 22 bits("E:\Projects\tangprimer25k\riscy25k\src\soc.v":175)
Analyzing Verilog file 'E:\Projects\tangprimer25k\riscy25k\src\soctb.v'
Analyzing Verilog file 'E:\Projects\tangprimer25k\riscy25k\src\textEngine.v'
Undeclared symbol 'charOutput', assumed default net type 'wire'("E:\Projects\tangprimer25k\riscy25k\src\textEngine.v":55)
WARN  (EX3638) : 'charOutput' is already implicitly declared on line 55("E:\Projects\tangprimer25k\riscy25k\src\textEngine.v":61)
Compiling module 'top'("E:\Projects\tangprimer25k\riscy25k\src\soc.v":3)
Extracting RAM for identifier 'fontMem'("E:\Projects\tangprimer25k\riscy25k\src\soc.v":22)
WARN  (EX3780) : Using initial value of 'selectedChar' since it is never assigned("E:\Projects\tangprimer25k\riscy25k\src\soc.v":23)
WARN  (EX3780) : Using initial value of 'clk_btn' since it is never assigned("E:\Projects\tangprimer25k\riscy25k\src\soc.v":31)
Compiling module 'cpu'("E:\Projects\tangprimer25k\riscy25k\src\cpu\cpu.v":9)
Compiling module 'signExtend'("E:\Projects\tangprimer25k\riscy25k\src\cpu\signExtend.v":4)
Compiling module 'RegFile'("E:\Projects\tangprimer25k\riscy25k\src\cpu\RegFile.v":7)
Compiling module 'SignExtendSelector'("E:\Projects\tangprimer25k\riscy25k\src\cpu\SignExtendSelector.v":4)
Compiling module 'control_main'("E:\Projects\tangprimer25k\riscy25k\src\cpu\control_main.v":5)
Compiling module 'control_stall_id'("E:\Projects\tangprimer25k\riscy25k\src\cpu\control_stall_id.v":6)
Compiling module 'ALUCPU'("E:\Projects\tangprimer25k\riscy25k\src\cpu\ALUCPU.v":4)
Compiling module 'control_alu'("E:\Projects\tangprimer25k\riscy25k\src\cpu\control_alu.v":5)
Compiling module 'control_bypass_ex'("E:\Projects\tangprimer25k\riscy25k\src\cpu\control_bypass_ex.v":5)
Compiling module 'mem_write_selector'("E:\Projects\tangprimer25k\riscy25k\src\cpu\mem_write_selector.v":4)
Compiling module 'control_branch'("E:\Projects\tangprimer25k\riscy25k\src\cpu\control_branch.v":4)
Compiling module 'mem_read_selector'("E:\Projects\tangprimer25k\riscy25k\src\cpu\mem_read_selector.v":4)
Compiling module 'bus'("E:\Projects\tangprimer25k\riscy25k\src\bus.v":3)
Compiling module 'memory'("E:\Projects\tangprimer25k\riscy25k\src\memory.v":3)
Extracting RAM for identifier 'instr_mem'("E:\Projects\tangprimer25k\riscy25k\src\memory.v":16)
Extracting RAM for identifier 'data_mem'("E:\Projects\tangprimer25k\riscy25k\src\memory.v":17)
WARN  (EX3791) : Expression size 6 truncated to fit in target size 5("E:\Projects\tangprimer25k\riscy25k\src\memory.v":88)
Compiling module 'buttonModule'("E:\Projects\tangprimer25k\riscy25k\src\buttonModule.v":1)
WARN  (EX3791) : Expression size 23 truncated to fit in target size 22("E:\Projects\tangprimer25k\riscy25k\src\buttonModule.v":46)
Compiling module 'textEngine'("E:\Projects\tangprimer25k\riscy25k\src\textEngine.v":1)
Extracting RAM for identifier 'fontBuffer'("E:\Projects\tangprimer25k\riscy25k\src\textEngine.v":57)
WARN  (EX3791) : Expression size 25 truncated to fit in target size 24("E:\Projects\tangprimer25k\riscy25k\src\textEngine.v":126)
Compiling module 'screen'("E:\Projects\tangprimer25k\riscy25k\src\screen.v":2)
WARN  (EX3791) : Expression size 11 truncated to fit in target size 10("E:\Projects\tangprimer25k\riscy25k\src\screen.v":23)
Compiling module 'i2c'("E:\Projects\tangprimer25k\riscy25k\src\i2c.v":2)
WARN  (EX3791) : Expression size 8 truncated to fit in target size 7("E:\Projects\tangprimer25k\riscy25k\src\i2c.v":42)
WARN  (EX3791) : Expression size 8 truncated to fit in target size 7("E:\Projects\tangprimer25k\riscy25k\src\i2c.v":56)
WARN  (EX3791) : Expression size 8 truncated to fit in target size 7("E:\Projects\tangprimer25k\riscy25k\src\i2c.v":70)
WARN  (EX3791) : Expression size 4 truncated to fit in target size 3("E:\Projects\tangprimer25k\riscy25k\src\i2c.v":78)
WARN  (EX3791) : Expression size 8 truncated to fit in target size 7("E:\Projects\tangprimer25k\riscy25k\src\i2c.v":89)
WARN  (EX3791) : Expression size 8 truncated to fit in target size 7("E:\Projects\tangprimer25k\riscy25k\src\i2c.v":100)
WARN  (EX3791) : Expression size 4 truncated to fit in target size 3("E:\Projects\tangprimer25k\riscy25k\src\i2c.v":107)
WARN  (EX3791) : Expression size 8 truncated to fit in target size 7("E:\Projects\tangprimer25k\riscy25k\src\i2c.v":117)
Compiling module 'i2c_api'("E:\Projects\tangprimer25k\riscy25k\src\i2capi.v":1)
WARN  (EX3791) : Expression size 12 truncated to fit in target size 11("E:\Projects\tangprimer25k\riscy25k\src\screen.v":229)
WARN  (EX3791) : Expression size 26 truncated to fit in target size 25("E:\Projects\tangprimer25k\riscy25k\src\screen.v":248)
WARN  (EX3791) : Expression size 25 truncated to fit in target size 24("E:\Projects\tangprimer25k\riscy25k\src\soc.v":137)
WARN  (EX3791) : Expression size 24 truncated to fit in target size 23("E:\Projects\tangprimer25k\riscy25k\src\soc.v":169)
NOTE  (EX0101) : Current top module is "top"
[5%] Running netlist conversion ...
Running device independent optimization ...
[10%] Optimizing Phase 0 completed
[15%] Optimizing Phase 1 completed
[25%] Optimizing Phase 2 completed
Running inference ...
[30%] Inferring Phase 0 completed
[40%] Inferring Phase 1 completed
[50%] Inferring Phase 2 completed
[55%] Inferring Phase 3 completed
Running technical mapping ...
[60%] Tech-Mapping Phase 0 completed
[65%] Tech-Mapping Phase 1 completed
[75%] Tech-Mapping Phase 2 completed
WARN  (AG0100) : Find logical loop signal : "PC_OLD[31]"("E:\Projects\tangprimer25k\riscy25k\src\cpu\cpu.v":112)
WARN  (AG0100) : Find logical loop signal : "PC_OLD[31]"("E:\Projects\tangprimer25k\riscy25k\src\cpu\cpu.v":112)
WARN  (AG0100) : Find logical loop signal : "PC_OLD[31]"("E:\Projects\tangprimer25k\riscy25k\src\cpu\cpu.v":112)
WARN  (AG0101) : The netlist is not one directed acyclic graph
WARN  (AG0100) : Find logical loop signal : "PC_OLD[30]"("E:\Projects\tangprimer25k\riscy25k\src\cpu\cpu.v":112)
WARN  (AG0100) : Find logical loop signal : "PC_OLD[30]"("E:\Projects\tangprimer25k\riscy25k\src\cpu\cpu.v":112)
WARN  (AG0100) : Find logical loop signal : "PC_OLD[30]"("E:\Projects\tangprimer25k\riscy25k\src\cpu\cpu.v":112)
WARN  (AG0101) : The netlist is not one directed acyclic graph
WARN  (AG0100) : Find logical loop signal : "PC_OLD[29]"("E:\Projects\tangprimer25k\riscy25k\src\cpu\cpu.v":112)
WARN  (AG0100) : Find logical loop signal : "PC_OLD[29]"("E:\Projects\tangprimer25k\riscy25k\src\cpu\cpu.v":112)
WARN  (AG0100) : Find logical loop signal : "PC_OLD[29]"("E:\Projects\tangprimer25k\riscy25k\src\cpu\cpu.v":112)
WARN  (AG0101) : The netlist is not one directed acyclic graph
WARN  (AG0100) : Find logical loop signal : "PC_OLD[28]"("E:\Projects\tangprimer25k\riscy25k\src\cpu\cpu.v":112)
WARN  (AG0100) : Find logical loop signal : "PC_OLD[28]"("E:\Projects\tangprimer25k\riscy25k\src\cpu\cpu.v":112)
WARN  (AG0100) : Find logical loop signal : "PC_OLD[28]"("E:\Projects\tangprimer25k\riscy25k\src\cpu\cpu.v":112)
WARN  (AG0101) : The netlist is not one directed acyclic graph
WARN  (AG0100) : Find logical loop signal : "PC_OLD[27]"("E:\Projects\tangprimer25k\riscy25k\src\cpu\cpu.v":112)
WARN  (AG0100) : Find logical loop signal : "PC_OLD[27]"("E:\Projects\tangprimer25k\riscy25k\src\cpu\cpu.v":112)
WARN  (AG0100) : Find logical loop signal : "PC_OLD[27]"("E:\Projects\tangprimer25k\riscy25k\src\cpu\cpu.v":112)
WARN  (AG0101) : The netlist is not one directed acyclic graph
WARN  (AG0100) : Find logical loop signal : "PC_OLD[26]"("E:\Projects\tangprimer25k\riscy25k\src\cpu\cpu.v":112)
WARN  (AG0100) : Find logical loop signal : "PC_OLD[26]"("E:\Projects\tangprimer25k\riscy25k\src\cpu\cpu.v":112)
WARN  (AG0100) : Find logical loop signal : "PC_OLD[26]"("E:\Projects\tangprimer25k\riscy25k\src\cpu\cpu.v":112)
WARN  (AG0101) : The netlist is not one directed acyclic graph
WARN  (AG0100) : Find logical loop signal : "PC_OLD[25]"("E:\Projects\tangprimer25k\riscy25k\src\cpu\cpu.v":112)
WARN  (AG0100) : Find logical loop signal : "PC_OLD[25]"("E:\Projects\tangprimer25k\riscy25k\src\cpu\cpu.v":112)
WARN  (AG0100) : Find logical loop signal : "PC_OLD[25]"("E:\Projects\tangprimer25k\riscy25k\src\cpu\cpu.v":112)
WARN  (AG0101) : The netlist is not one directed acyclic graph
WARN  (AG0100) : Find logical loop signal : "PC_OLD[24]"("E:\Projects\tangprimer25k\riscy25k\src\cpu\cpu.v":112)
WARN  (AG0100) : Find logical loop signal : "PC_OLD[24]"("E:\Projects\tangprimer25k\riscy25k\src\cpu\cpu.v":112)
WARN  (AG0100) : Find logical loop signal : "PC_OLD[24]"("E:\Projects\tangprimer25k\riscy25k\src\cpu\cpu.v":112)
WARN  (AG0101) : The netlist is not one directed acyclic graph
WARN  (AG0100) : Find logical loop signal : "PC_OLD[23]"("E:\Projects\tangprimer25k\riscy25k\src\cpu\cpu.v":112)
WARN  (AG0100) : Find logical loop signal : "PC_OLD[23]"("E:\Projects\tangprimer25k\riscy25k\src\cpu\cpu.v":112)
WARN  (AG0100) : Find logical loop signal : "PC_OLD[23]"("E:\Projects\tangprimer25k\riscy25k\src\cpu\cpu.v":112)
WARN  (AG0101) : The netlist is not one directed acyclic graph
WARN  (AG0100) : Find logical loop signal : "PC_OLD[22]"("E:\Projects\tangprimer25k\riscy25k\src\cpu\cpu.v":112)
WARN  (AG0100) : Find logical loop signal : "PC_OLD[22]"("E:\Projects\tangprimer25k\riscy25k\src\cpu\cpu.v":112)
WARN  (AG0100) : Find logical loop signal : "PC_OLD[22]"("E:\Projects\tangprimer25k\riscy25k\src\cpu\cpu.v":112)
WARN  (AG0101) : The netlist is not one directed acyclic graph
WARN  (AG0100) : Find logical loop signal : "PC_OLD[21]"("E:\Projects\tangprimer25k\riscy25k\src\cpu\cpu.v":112)
WARN  (AG0100) : Find logical loop signal : "PC_OLD[21]"("E:\Projects\tangprimer25k\riscy25k\src\cpu\cpu.v":112)
WARN  (AG0100) : Find logical loop signal : "PC_OLD[21]"("E:\Projects\tangprimer25k\riscy25k\src\cpu\cpu.v":112)
WARN  (AG0101) : The netlist is not one directed acyclic graph
WARN  (AG0100) : Find logical loop signal : "PC_OLD[20]"("E:\Projects\tangprimer25k\riscy25k\src\cpu\cpu.v":112)
WARN  (AG0100) : Find logical loop signal : "PC_OLD[20]"("E:\Projects\tangprimer25k\riscy25k\src\cpu\cpu.v":112)
WARN  (AG0100) : Find logical loop signal : "PC_OLD[20]"("E:\Projects\tangprimer25k\riscy25k\src\cpu\cpu.v":112)
WARN  (AG0101) : The netlist is not one directed acyclic graph
WARN  (AG0100) : Find logical loop signal : "PC_OLD[19]"("E:\Projects\tangprimer25k\riscy25k\src\cpu\cpu.v":112)
WARN  (AG0100) : Find logical loop signal : "PC_OLD[19]"("E:\Projects\tangprimer25k\riscy25k\src\cpu\cpu.v":112)
WARN  (AG0100) : Find logical loop signal : "PC_OLD[19]"("E:\Projects\tangprimer25k\riscy25k\src\cpu\cpu.v":112)
WARN  (AG0101) : The netlist is not one directed acyclic graph
WARN  (AG0100) : Find logical loop signal : "PC_OLD[18]"("E:\Projects\tangprimer25k\riscy25k\src\cpu\cpu.v":112)
WARN  (AG0100) : Find logical loop signal : "PC_OLD[18]"("E:\Projects\tangprimer25k\riscy25k\src\cpu\cpu.v":112)
WARN  (AG0100) : Find logical loop signal : "PC_OLD[18]"("E:\Projects\tangprimer25k\riscy25k\src\cpu\cpu.v":112)
WARN  (AG0101) : The netlist is not one directed acyclic graph
WARN  (AG0100) : Find logical loop signal : "PC_OLD[17]"("E:\Projects\tangprimer25k\riscy25k\src\cpu\cpu.v":112)
WARN  (AG0100) : Find logical loop signal : "PC_OLD[17]"("E:\Projects\tangprimer25k\riscy25k\src\cpu\cpu.v":112)
WARN  (AG0100) : Find logical loop signal : "PC_OLD[17]"("E:\Projects\tangprimer25k\riscy25k\src\cpu\cpu.v":112)
WARN  (AG0101) : The netlist is not one directed acyclic graph
WARN  (AG0100) : Find logical loop signal : "PC_OLD[16]"("E:\Projects\tangprimer25k\riscy25k\src\cpu\cpu.v":112)
WARN  (AG0100) : Find logical loop signal : "PC_OLD[16]"("E:\Projects\tangprimer25k\riscy25k\src\cpu\cpu.v":112)
WARN  (AG0100) : Find logical loop signal : "PC_OLD[16]"("E:\Projects\tangprimer25k\riscy25k\src\cpu\cpu.v":112)
WARN  (AG0101) : The netlist is not one directed acyclic graph
WARN  (AG0100) : Find logical loop signal : "PC_OLD[15]"("E:\Projects\tangprimer25k\riscy25k\src\cpu\cpu.v":112)
WARN  (AG0100) : Find logical loop signal : "PC_OLD[15]"("E:\Projects\tangprimer25k\riscy25k\src\cpu\cpu.v":112)
WARN  (AG0100) : Find logical loop signal : "PC_OLD[15]"("E:\Projects\tangprimer25k\riscy25k\src\cpu\cpu.v":112)
WARN  (AG0101) : The netlist is not one directed acyclic graph
WARN  (AG0100) : Find logical loop signal : "PC_OLD[14]"("E:\Projects\tangprimer25k\riscy25k\src\cpu\cpu.v":112)
WARN  (AG0100) : Find logical loop signal : "PC_OLD[14]"("E:\Projects\tangprimer25k\riscy25k\src\cpu\cpu.v":112)
WARN  (AG0100) : Find logical loop signal : "PC_OLD[14]"("E:\Projects\tangprimer25k\riscy25k\src\cpu\cpu.v":112)
WARN  (AG0101) : The netlist is not one directed acyclic graph
WARN  (AG0100) : Find logical loop signal : "PC_OLD[13]"("E:\Projects\tangprimer25k\riscy25k\src\cpu\cpu.v":112)
WARN  (AG0100) : Find logical loop signal : "PC_OLD[13]"("E:\Projects\tangprimer25k\riscy25k\src\cpu\cpu.v":112)
WARN  (AG0100) : Find logical loop signal : "PC_OLD[13]"("E:\Projects\tangprimer25k\riscy25k\src\cpu\cpu.v":112)
WARN  (AG0101) : The netlist is not one directed acyclic graph
WARN  (AG0100) : Find logical loop signal : "PC_OLD[12]"("E:\Projects\tangprimer25k\riscy25k\src\cpu\cpu.v":112)
WARN  (AG0100) : Find logical loop signal : "PC_OLD[12]"("E:\Projects\tangprimer25k\riscy25k\src\cpu\cpu.v":112)
WARN  (AG0100) : Find logical loop signal : "PC_OLD[12]"("E:\Projects\tangprimer25k\riscy25k\src\cpu\cpu.v":112)
WARN  (AG0101) : The netlist is not one directed acyclic graph
WARN  (AG0100) : Find logical loop signal : "PC_OLD[11]"("E:\Projects\tangprimer25k\riscy25k\src\cpu\cpu.v":112)
WARN  (AG0100) : Find logical loop signal : "PC_OLD[11]"("E:\Projects\tangprimer25k\riscy25k\src\cpu\cpu.v":112)
WARN  (AG0100) : Find logical loop signal : "PC_OLD[11]"("E:\Projects\tangprimer25k\riscy25k\src\cpu\cpu.v":112)
WARN  (AG0101) : The netlist is not one directed acyclic graph
WARN  (AG0100) : Find logical loop signal : "PC_OLD[10]"("E:\Projects\tangprimer25k\riscy25k\src\cpu\cpu.v":112)
WARN  (AG0100) : Find logical loop signal : "PC_OLD[10]"("E:\Projects\tangprimer25k\riscy25k\src\cpu\cpu.v":112)
WARN  (AG0100) : Find logical loop signal : "PC_OLD[10]"("E:\Projects\tangprimer25k\riscy25k\src\cpu\cpu.v":112)
WARN  (AG0101) : The netlist is not one directed acyclic graph
WARN  (AG0100) : Find logical loop signal : "PC_OLD[9]"("E:\Projects\tangprimer25k\riscy25k\src\cpu\cpu.v":112)
WARN  (AG0100) : Find logical loop signal : "PC_OLD[9]"("E:\Projects\tangprimer25k\riscy25k\src\cpu\cpu.v":112)
WARN  (AG0100) : Find logical loop signal : "PC_OLD[9]"("E:\Projects\tangprimer25k\riscy25k\src\cpu\cpu.v":112)
WARN  (AG0101) : The netlist is not one directed acyclic graph
WARN  (AG0100) : Find logical loop signal : "PC_OLD[8]"("E:\Projects\tangprimer25k\riscy25k\src\cpu\cpu.v":112)
WARN  (AG0100) : Find logical loop signal : "PC_OLD[8]"("E:\Projects\tangprimer25k\riscy25k\src\cpu\cpu.v":112)
WARN  (AG0100) : Find logical loop signal : "PC_OLD[8]"("E:\Projects\tangprimer25k\riscy25k\src\cpu\cpu.v":112)
WARN  (AG0101) : The netlist is not one directed acyclic graph
WARN  (AG0100) : Find logical loop signal : "PC_OLD[7]"("E:\Projects\tangprimer25k\riscy25k\src\cpu\cpu.v":112)
WARN  (AG0100) : Find logical loop signal : "PC_OLD[7]"("E:\Projects\tangprimer25k\riscy25k\src\cpu\cpu.v":112)
WARN  (AG0100) : Find logical loop signal : "PC_OLD[7]"("E:\Projects\tangprimer25k\riscy25k\src\cpu\cpu.v":112)
WARN  (AG0101) : The netlist is not one directed acyclic graph
WARN  (AG0100) : Find logical loop signal : "PC_OLD[6]"("E:\Projects\tangprimer25k\riscy25k\src\cpu\cpu.v":112)
WARN  (AG0100) : Find logical loop signal : "PC_OLD[6]"("E:\Projects\tangprimer25k\riscy25k\src\cpu\cpu.v":112)
WARN  (AG0100) : Find logical loop signal : "PC_OLD[6]"("E:\Projects\tangprimer25k\riscy25k\src\cpu\cpu.v":112)
WARN  (AG0101) : The netlist is not one directed acyclic graph
WARN  (AG0100) : Find logical loop signal : "PC_OLD[5]"("E:\Projects\tangprimer25k\riscy25k\src\cpu\cpu.v":112)
WARN  (AG0100) : Find logical loop signal : "PC_OLD[5]"("E:\Projects\tangprimer25k\riscy25k\src\cpu\cpu.v":112)
WARN  (AG0100) : Find logical loop signal : "PC_OLD[5]"("E:\Projects\tangprimer25k\riscy25k\src\cpu\cpu.v":112)
WARN  (AG0101) : The netlist is not one directed acyclic graph
WARN  (AG0100) : Find logical loop signal : "PC_OLD[4]"("E:\Projects\tangprimer25k\riscy25k\src\cpu\cpu.v":112)
WARN  (AG0100) : Find logical loop signal : "PC_OLD[4]"("E:\Projects\tangprimer25k\riscy25k\src\cpu\cpu.v":112)
WARN  (AG0100) : Find logical loop signal : "PC_OLD[4]"("E:\Projects\tangprimer25k\riscy25k\src\cpu\cpu.v":112)
WARN  (AG0101) : The netlist is not one directed acyclic graph
WARN  (AG0100) : Find logical loop signal : "PC_OLD[3]"("E:\Projects\tangprimer25k\riscy25k\src\cpu\cpu.v":112)
WARN  (AG0100) : Find logical loop signal : "PC_OLD[3]"("E:\Projects\tangprimer25k\riscy25k\src\cpu\cpu.v":112)
WARN  (AG0100) : Find logical loop signal : "PC_OLD[3]"("E:\Projects\tangprimer25k\riscy25k\src\cpu\cpu.v":112)
WARN  (AG0101) : The netlist is not one directed acyclic graph
WARN  (AG0100) : Find logical loop signal : "PC_OLD[2]"("E:\Projects\tangprimer25k\riscy25k\src\cpu\cpu.v":112)
WARN  (AG0100) : Find logical loop signal : "PC_OLD[2]"("E:\Projects\tangprimer25k\riscy25k\src\cpu\cpu.v":112)
WARN  (AG0100) : Find logical loop signal : "PC_OLD[2]"("E:\Projects\tangprimer25k\riscy25k\src\cpu\cpu.v":112)
WARN  (AG0101) : The netlist is not one directed acyclic graph
WARN  (AG0100) : Find logical loop signal : "PC_OLD[1]"("E:\Projects\tangprimer25k\riscy25k\src\cpu\cpu.v":112)
WARN  (AG0100) : Find logical loop signal : "PC_OLD[1]"("E:\Projects\tangprimer25k\riscy25k\src\cpu\cpu.v":112)
WARN  (AG0100) : Find logical loop signal : "PC_OLD[1]"("E:\Projects\tangprimer25k\riscy25k\src\cpu\cpu.v":112)
WARN  (AG0101) : The netlist is not one directed acyclic graph
WARN  (AG0100) : Find logical loop signal : "PC_OLD[0]"("E:\Projects\tangprimer25k\riscy25k\src\cpu\cpu.v":112)
WARN  (AG0100) : Find logical loop signal : "PC_OLD[0]"("E:\Projects\tangprimer25k\riscy25k\src\cpu\cpu.v":112)
WARN  (AG0100) : Find logical loop signal : "PC_OLD[0]"("E:\Projects\tangprimer25k\riscy25k\src\cpu\cpu.v":112)
WARN  (AG0101) : The netlist is not one directed acyclic graph
[80%] Tech-Mapping Phase 3 completed
[90%] Tech-Mapping Phase 4 completed
WARN  (NL0002) : The module "control_alu" instantiated to "control_alu" is swept in optimizing("E:\Projects\tangprimer25k\riscy25k\src\cpu\cpu.v":415)
WARN  (NL0002) : The module "control_branch" instantiated to "control_branch" is swept in optimizing("E:\Projects\tangprimer25k\riscy25k\src\cpu\cpu.v":479)
WARN  (NL0002) : The module "control_main" instantiated to "control_main" is swept in optimizing("E:\Projects\tangprimer25k\riscy25k\src\cpu\cpu.v":308)
WARN  (NL0002) : The module "mem_read_selector" instantiated to "mem_read_selector" is swept in optimizing("E:\Projects\tangprimer25k\riscy25k\src\cpu\cpu.v":489)
WARN  (NL0002) : The module "signExtend" instantiated to "signExtendUnit" is swept in optimizing("E:\Projects\tangprimer25k\riscy25k\src\cpu\cpu.v":193)
[95%] Generate netlist file "E:\Projects\tangprimer25k\riscy25k\impl\gwsynthesis\riscy25k.vg" completed
[100%] Generate report file "E:\Projects\tangprimer25k\riscy25k\impl\gwsynthesis\riscy25k_syn.rpt.html" completed
GowinSynthesis finish
